07282022 050446 PM INFO ********** TestLogin001 **********
07282022 050446 PM INFO ********** Verifying Home Page Title **********
07282022 050449 PM INFO ********** Home Page Title Passed **********
07282022 050450 PM INFO ********** TestLogin001 **********
07282022 050450 PM INFO ********** Verifying Login Page Title **********
07282022 050456 PM INFO ********** Login Page Title Passed **********
07282022 063324 PM INFO ********** TestLogin001 **********
07282022 063324 PM INFO ********** Verifying Home Page Title **********
07282022 063327 PM INFO ********** Home Page Title Passed **********
07282022 063328 PM INFO ********** TestLogin001 **********
07282022 063328 PM INFO ********** Verifying Login Page Title **********
07282022 063333 PM INFO ********** Login Page Title Passed **********
07282022 065405 PM INFO ********** TestLogin001 **********
07282022 065405 PM INFO ********** Verifying Home Page Title **********
07282022 065407 PM INFO ********** Home Page Title Passed **********
07282022 065408 PM INFO ********** TestLogin001 **********
07282022 065408 PM INFO ********** Verifying Login Page Title **********
07282022 065414 PM INFO ********** Login Page Title Passed **********
07282022 065849 PM INFO ********** TestLogin001 **********
07282022 065849 PM INFO ********** Verifying Home Page Title **********
07282022 065851 PM INFO ********** Home Page Title Passed **********
07282022 065852 PM INFO ********** TestLogin001 **********
07282022 065852 PM INFO ********** Verifying Login Page Title **********
07282022 065856 PM INFO ********** Login Page Title Passed **********
07292022 110207 AM INFO ********** TestLogin001 **********
07292022 110207 AM INFO ********** Verifying Login Page Title **********
07292022 110207 AM INFO ********** TestLogin001 **********
07292022 110207 AM INFO ********** Verifying Home Page Title **********
07292022 110214 AM INFO ********** Login Page Title Passed **********
07292022 110239 AM INFO ********** Home Page Title Failed **********
07292022 110349 AM INFO ********** TestLogin001 **********
07292022 110349 AM INFO ********** Verifying Home Page Title **********
07292022 110352 AM INFO ********** Home Page Title Passed **********
07292022 110353 AM INFO ********** TestLogin001 **********
07292022 110353 AM INFO ********** Verifying Login Page Title **********
07292022 110400 AM INFO ********** Login Page Title Passed **********
07292022 110408 AM INFO ********** TestLogin001 **********
07292022 110408 AM INFO ********** Verifying Login Page Title **********
07292022 110408 AM INFO ********** TestLogin001 **********
07292022 110408 AM INFO ********** Verifying Home Page Title **********
07292022 110410 AM INFO ********** Home Page Title Passed **********
07292022 110414 AM INFO ********** Login Page Title Passed **********
07292022 110651 AM INFO ********** TestLogin001 **********
07292022 110651 AM INFO ********** Verifying Home Page Title **********
07292022 110652 AM INFO ********** TestLogin001 **********
07292022 110652 AM INFO ********** Verifying Login Page Title **********
07292022 110653 AM INFO ********** Home Page Title Passed **********
07292022 110659 AM INFO ********** Login Page Title Passed **********
